Determining if the pthread_create exist failed with the following output:
Change Dir: /homes/sx813/EyeTrackWM/src/wm/CMakeFiles/CMakeTmp

Run Build Command:/usr/bin/make "cmTryCompileExec1166620375/fast"
/usr/bin/make -f CMakeFiles/cmTryCompileExec1166620375.dir/build.make CMakeFiles/cmTryCompileExec1166620375.dir/build
make[1]: Entering directory `/homes/sx813/EyeTrackWM/src/wm/CMakeFiles/CMakeTmp'
/usr/bin/cmake -E cmake_progress_report /homes/sx813/EyeTrackWM/src/wm/CMakeFiles/CMakeTmp/CMakeFiles 1
Building C object CMakeFiles/cmTryCompileExec1166620375.dir/CheckSymbolExists.c.o
/usr/bin/cc    -o CMakeFiles/cmTryCompileExec1166620375.dir/CheckSymbolExists.c.o   -c /homes/sx813/EyeTrackWM/src/wm/CMakeFiles/CMakeTmp/CheckSymbolExists.c
Linking C executable cmTryCompileExec1166620375
/usr/bin/cmake -E cmake_link_script CMakeFiles/cmTryCompileExec1166620375.dir/link.txt --verbose=1
/usr/bin/cc       CMakeFiles/cmTryCompileExec1166620375.dir/CheckSymbolExists.c.o  -o cmTryCompileExec1166620375 -rdynamic 
CMakeFiles/cmTryCompileExec1166620375.dir/CheckSymbolExists.c.o: In function `main':
CheckSymbolExists.c:(.text+0x16): undefined reference to `pthread_create'
collect2: error: ld returned 1 exit status
make[1]: *** [cmTryCompileExec1166620375] Error 1
make[1]: Leaving directory `/homes/sx813/EyeTrackWM/src/wm/CMakeFiles/CMakeTmp'
make: *** [cmTryCompileExec1166620375/fast] Error 2

File /homes/sx813/EyeTrackWM/src/wm/CMakeFiles/CMakeTmp/CheckSymbolExists.c:
/* */
#include <pthread.h>

int main(int argc, char** argv)
{
  (void)argv;
#ifndef pthread_create
  return ((int*)(&pthread_create))[argc];
#else
  (void)argc;
  return 0;
#endif
}

Determining if the function pthread_create exists in the pthreads failed with the following output:
Change Dir: /homes/sx813/EyeTrackWM/src/wm/CMakeFiles/CMakeTmp

Run Build Command:/usr/bin/make "cmTryCompileExec756926966/fast"
/usr/bin/make -f CMakeFiles/cmTryCompileExec756926966.dir/build.make CMakeFiles/cmTryCompileExec756926966.dir/build
make[1]: Entering directory `/homes/sx813/EyeTrackWM/src/wm/CMakeFiles/CMakeTmp'
/usr/bin/cmake -E cmake_progress_report /homes/sx813/EyeTrackWM/src/wm/CMakeFiles/CMakeTmp/CMakeFiles 1
Building C object CMakeFiles/cmTryCompileExec756926966.dir/CheckFunctionExists.c.o
/usr/bin/cc   -DCHECK_FUNCTION_EXISTS=pthread_create   -o CMakeFiles/cmTryCompileExec756926966.dir/CheckFunctionExists.c.o   -c /usr/share/cmake-2.8/Modules/CheckFunctionExists.c
Linking C executable cmTryCompileExec756926966
/usr/bin/cmake -E cmake_link_script CMakeFiles/cmTryCompileExec756926966.dir/link.txt --verbose=1
/usr/bin/cc   -DCHECK_FUNCTION_EXISTS=pthread_create    CMakeFiles/cmTryCompileExec756926966.dir/CheckFunctionExists.c.o  -o cmTryCompileExec756926966 -rdynamic -lpthreads 
/usr/bin/ld: cannot find -lpthreads
collect2: error: ld returned 1 exit status
make[1]: *** [cmTryCompileExec756926966] Error 1
make[1]: Leaving directory `/homes/sx813/EyeTrackWM/src/wm/CMakeFiles/CMakeTmp'
make: *** [cmTryCompileExec756926966/fast] Error 2


