Determining if the pthread_create exist failed with the following output:
Change Dir: /homes/sx813/EyeTrackWM/src/tracker/CMakeFiles/CMakeTmp

Run Build Command:/usr/bin/make "cmTryCompileExec1836953042/fast"
/usr/bin/make -f CMakeFiles/cmTryCompileExec1836953042.dir/build.make CMakeFiles/cmTryCompileExec1836953042.dir/build
make[1]: Entering directory `/homes/sx813/EyeTrackWM/src/tracker/CMakeFiles/CMakeTmp'
/usr/bin/cmake -E cmake_progress_report /homes/sx813/EyeTrackWM/src/tracker/CMakeFiles/CMakeTmp/CMakeFiles 1
Building C object CMakeFiles/cmTryCompileExec1836953042.dir/CheckSymbolExists.c.o
/usr/bin/cc    -o CMakeFiles/cmTryCompileExec1836953042.dir/CheckSymbolExists.c.o   -c /homes/sx813/EyeTrackWM/src/tracker/CMakeFiles/CMakeTmp/CheckSymbolExists.c
Linking C executable cmTryCompileExec1836953042
/usr/bin/cmake -E cmake_link_script CMakeFiles/cmTryCompileExec1836953042.dir/link.txt --verbose=1
/usr/bin/cc       CMakeFiles/cmTryCompileExec1836953042.dir/CheckSymbolExists.c.o  -o cmTryCompileExec1836953042 -rdynamic 
CMakeFiles/cmTryCompileExec1836953042.dir/CheckSymbolExists.c.o: In function `main':
CheckSymbolExists.c:(.text+0x16): undefined reference to `pthread_create'
collect2: error: ld returned 1 exit status
make[1]: *** [cmTryCompileExec1836953042] Error 1
make[1]: Leaving directory `/homes/sx813/EyeTrackWM/src/tracker/CMakeFiles/CMakeTmp'
make: *** [cmTryCompileExec1836953042/fast] Error 2

File /homes/sx813/EyeTrackWM/src/tracker/CMakeFiles/CMakeTmp/CheckSymbolExists.c:
/* */
#include <pthread.h>

int main(int argc, char** argv)
{
  (void)argv;
#ifndef pthread_create
  return ((int*)(&pthread_create))[argc];
#else
  (void)argc;
  return 0;
#endif
}

Determining if the function pthread_create exists in the pthreads failed with the following output:
Change Dir: /homes/sx813/EyeTrackWM/src/tracker/CMakeFiles/CMakeTmp

Run Build Command:/usr/bin/make "cmTryCompileExec465421647/fast"
/usr/bin/make -f CMakeFiles/cmTryCompileExec465421647.dir/build.make CMakeFiles/cmTryCompileExec465421647.dir/build
make[1]: Entering directory `/homes/sx813/EyeTrackWM/src/tracker/CMakeFiles/CMakeTmp'
/usr/bin/cmake -E cmake_progress_report /homes/sx813/EyeTrackWM/src/tracker/CMakeFiles/CMakeTmp/CMakeFiles 1
Building C object CMakeFiles/cmTryCompileExec465421647.dir/CheckFunctionExists.c.o
/usr/bin/cc   -DCHECK_FUNCTION_EXISTS=pthread_create   -o CMakeFiles/cmTryCompileExec465421647.dir/CheckFunctionExists.c.o   -c /usr/share/cmake-2.8/Modules/CheckFunctionExists.c
Linking C executable cmTryCompileExec465421647
/usr/bin/cmake -E cmake_link_script CMakeFiles/cmTryCompileExec465421647.dir/link.txt --verbose=1
/usr/bin/cc   -DCHECK_FUNCTION_EXISTS=pthread_create    CMakeFiles/cmTryCompileExec465421647.dir/CheckFunctionExists.c.o  -o cmTryCompileExec465421647 -rdynamic -lpthreads 
/usr/bin/ld: cannot find -lpthreads
collect2: error: ld returned 1 exit status
make[1]: *** [cmTryCompileExec465421647] Error 1
make[1]: Leaving directory `/homes/sx813/EyeTrackWM/src/tracker/CMakeFiles/CMakeTmp'
make: *** [cmTryCompileExec465421647/fast] Error 2


